# An error report file with more information is saved as:
# C:\Users\daman\AndroidStudioProjects\FunOlympicTrackerApp\hs_err_pid95716.log
#
# There is insufficient memory for the Java Runtime Environment to continue.
# Native memory allocation (malloc) failed to allocate 1340496 bytes for Chunk::new
# Possible reasons:
#   The system is out of physical RAM or swap space
#   The process is running with CompressedOops enabled, and the Java Heap may be blocking the growth of the native heap
# Possible solutions:
#   Reduce memory load on the system
#   Increase physical memory or swap space
#   Check if swap backing store is full
#   Decrease Java heap size (-Xmx/-Xms)
#   Decrease number of Java threads
#   Decrease Java thread stack sizes (-Xss)
#   Set larger code cache with -XX:ReservedCodeCacheSize=
#   JVM is running with Unscaled Compressed Oops mode in which the Java heap is
#     placed in the first 4GB address space. The Java Heap base address is the
#     maximum limit for the native heap growth. Please use -XX:HeapBaseMinAddress
#     to set the Java Heap base and to place the Java Heap above 4GB virtual address.
# This output file may be truncated or incomplete.
#
#  Out of Memory Error (allocation.cpp:389), pid=95716, tid=0x0000000000018038
#
# JRE version: OpenJDK Runtime Environment (8.0_242-b01) (build 1.8.0_242-release-1644-b01)
# Java VM: OpenJDK 64-Bit Server VM (25.242-b01 mixed mode windows-amd64 compressed oops)
# Failed to write core dump. Minidumps are not enabled by default on client versions of Windows
#

---------------  T H R E A D  ---------------

Current thread (0x00000000179bd000):  JavaThread "C2 CompilerThread1" daemon [_thread_in_native, id=98360, stack(0x000000001a180000,0x000000001a280000)]

Stack: [0x000000001a180000,0x000000001a280000]
[error occurred during error reporting (printing stack bounds), id 0xc0000005]

Native frames: (J=compiled Java code, j=interpreted, Vv=VM code, C=native code)


Current CompileTask:
C2:  93094 11381 %     4       com.android.tools.r8.dex.n::a @ 312 (910 bytes)


---------------  P R O C E S S  ---------------

Java Threads: ( => current thread )
  0x000000001ac1a000 JavaThread "ForkJoinPool-1-worker-0" daemon [_thread_in_vm, id=99992, stack(0x000000002f020000,0x000000002f120000)]
  0x000000001ac1d000 JavaThread "ForkJoinPool-1-worker-7" daemon [_thread_in_Java, id=95792, stack(0x000000002ef20000,0x000000002f020000)]
  0x000000001ac19000 JavaThread "ForkJoinPool-1-worker-6" daemon [_thread_in_Java, id=99928, stack(0x000000002ee20000,0x000000002ef20000)]
  0x000000001ac11800 JavaThread "ForkJoinPool-1-worker-5" daemon [_thread_in_Java, id=93416, stack(0x000000002ed20000,0x000000002ee20000)]
  0x000000001ac18800 JavaThread "ForkJoinPool-1-worker-4" daemon [_thread_in_Java, id=98912, stack(0x000000002ec20000,0x000000002ed20000)]
  0x000000001ac10800 JavaThread "ForkJoinPool-1-worker-3" daemon [_thread_in_Java, id=99864, stack(0x000000002eb20000,0x000000002ec20000)]
  0x000000001ac17800 JavaThread "ForkJoinPool-1-worker-2" daemon [_thread_in_Java, id=99620, stack(0x000000002e820000,0x000000002e920000)]
  0x000000001ac10000 JavaThread "ForkJoinPool-1-worker-1" daemon [_thread_in_Java, id=99628, stack(0x000000002e720000,0x000000002e820000)]
  0x000000001ac17000 JavaThread "WorkerExecutor Queue Thread 10" [_thread_blocked, id=99044, stack(0x000000002df90000,0x000000002e090000)]
  0x000000001ac0f000 JavaThread "WorkerExecutor Queue Thread 9" [_thread_in_Java, id=87008, stack(0x000000002de90000,0x000000002df90000)]
  0x000000001ac16000 JavaThread "WorkerExecutor Queue Thread 8" [_thread_blocked, id=100212, stack(0x000000002dd90000,0x000000002de90000)]
  0x000000001ac15800 JavaThread "WorkerExecutor Queue Thread 7" [_thread_blocked, id=98696, stack(0x000000002dc90000,0x000000002dd90000)]
  0x000000001ac14000 JavaThread "WorkerExecutor Queue Thread 6" [_thread_in_vm, id=93128, stack(0x000000002db90000,0x000000002dc90000)]
  0x000000001ac13000 JavaThread "WorkerExecutor Queue Thread 5" [_thread_blocked, id=96996, stack(0x000000002da90000,0x000000002db90000)]
  0x000000001ac14800 JavaThread "WorkerExecutor Queue Thread 4" [_thread_in_Java, id=98888, stack(0x000000002d870000,0x000000002d970000)]
  0x000000001ac0d800 JavaThread "WorkerExecutor Queue Thread 3" [_thread_in_vm, id=100080, stack(0x000000002d170000,0x000000002d270000)]
  0x000000001ac12000 JavaThread "stdout" [_thread_in_native, id=10468, stack(0x000000002d570000,0x000000002d670000)]
  0x000000001bfbf800 JavaThread "stderr" [_thread_in_native, id=99580, stack(0x000000002d470000,0x000000002d570000)]
  0x000000001c72b000 JavaThread "pool-4-thread-1" [_thread_blocked, id=90292, stack(0x000000002d370000,0x000000002d470000)]
  0x000000001c72e800 JavaThread "WorkerExecutor Queue Thread 2" [_thread_blocked, id=100320, stack(0x000000002d270000,0x000000002d370000)]
  0x000000001adf5800 JavaThread "Cache worker for execution history cache (C:\Users\daman\AndroidStudioProjects\FunOlympicTrackerApp\.gradle\6.5\executionHistory)" [_thread_blocked, id=92732, stack(0x000000002d070000,0x000000002d170000)]
  0x000000001adf7000 JavaThread "Execution worker for ':' Thread 7" [_thread_blocked, id=86604, stack(0x000000002cb70000,0x000000002cc70000)]
  0x000000001adf6000 JavaThread "Execution worker for ':' Thread 6" [_thread_blocked, id=91820, stack(0x000000002c970000,0x000000002ca70000)]
  0x000000001adf4000 JavaThread "Execution worker for ':' Thread 5" [_thread_blocked, id=95096, stack(0x000000002c870000,0x000000002c970000)]
  0x000000001adee000 JavaThread "Execution worker for ':' Thread 4" [_thread_blocked, id=77792, stack(0x000000002c770000,0x000000002c870000)]
  0x000000001adf2800 JavaThread "Execution worker for ':' Thread 3" [_thread_blocked, id=92740, stack(0x000000002c670000,0x000000002c770000)]
  0x000000001adf4800 JavaThread "Execution worker for ':' Thread 2" [_thread_blocked, id=99184, stack(0x000000002bf30000,0x000000002c030000)]
  0x000000001aded000 JavaThread "Execution worker for ':'" [_thread_blocked, id=99020, stack(0x000000002be30000,0x000000002bf30000)]
  0x000000001adef800 JavaThread "Cache worker for file content cache (C:\Users\daman\AndroidStudioProjects\FunOlympicTrackerApp\.gradle\6.5\fileContent)" [_thread_blocked, id=96916, stack(0x0000000028ba0000,0x0000000028ca0000)]
  0x000000001adea000 JavaThread "pool-3-thread-1" [_thread_blocked, id=97148, stack(0x0000000028aa0000,0x0000000028ba0000)]
  0x000000001adec800 JavaThread "Cache worker for Build Output Cleanup Cache (C:\Users\daman\AndroidStudioProjects\FunOlympicTrackerApp\.gradle\buildOutputCleanup)" [_thread_blocked, id=99556, stack(0x00000000227a0000,0x00000000228a0000)]
  0x000000001ca83800 JavaThread "Build operations Thread 8" [_thread_blocked, id=99128, stack(0x00000000226a0000,0x00000000227a0000)]
  0x000000001ca82800 JavaThread "Build operations Thread 7" [_thread_blocked, id=96920, stack(0x00000000225a0000,0x00000000226a0000)]
  0x000000001ca82000 JavaThread "Build operations Thread 6" [_thread_blocked, id=92512, stack(0x00000000224a0000,0x00000000225a0000)]
  0x000000001ca81000 JavaThread "Build operations Thread 5" [_thread_blocked, id=90688, stack(0x00000000223a0000,0x00000000224a0000)]
  0x000000001ca80800 JavaThread "Build operations Thread 4" [_thread_blocked, id=97636, stack(0x00000000222a0000,0x00000000223a0000)]
  0x000000001ca79000 JavaThread "Build operations Thread 3" [_thread_blocked, id=94508, stack(0x00000000221a0000,0x00000000222a0000)]
  0x000000001ca7f800 JavaThread "Build operations Thread 2" [_thread_blocked, id=95280, stack(0x00000000220a0000,0x00000000221a0000)]
  0x000000001ca78000 JavaThread "Build operations" [_thread_blocked, id=98220, stack(0x00000000210a0000,0x00000000211a0000)]
  0x000000001ca7d800 JavaThread "Cache worker for cache directory md-rule (C:\Users\daman\.gradle\caches\6.5\md-rule)" [_thread_blocked, id=97652, stack(0x0000000020fa0000,0x00000000210a0000)]
  0x000000001ca7c800 JavaThread "Cache worker for cache directory md-supplier (C:\Users\daman\.gradle\caches\6.5\md-supplier)" [_thread_blocked, id=98940, stack(0x0000000020ea0000,0x0000000020fa0000)]
  0x000000001ca75000 JavaThread "Cache worker for checksums cache (C:\Users\daman\AndroidStudioProjects\FunOlympicTrackerApp\.gradle\checksums)" [_thread_blocked, id=90920, stack(0x000000001f970000,0x000000001fa70000)]
  0x000000001ca77800 JavaThread "Cache worker for file hash cache (C:\Users\daman\AndroidStudioProjects\FunOlympicTrackerApp\.gradle\6.5\fileHashes)" [_thread_blocked, id=99036, stack(0x000000001e1a0000,0x000000001e2a0000)]
  0x000000001ca74800 JavaThread "Thread-146" [_thread_blocked, id=97536, stack(0x000000001dda0000,0x000000001dea0000)]
  0x000000001ca7b000 JavaThread "Stdin handler" [_thread_blocked, id=100208, stack(0x000000001dca0000,0x000000001dda0000)]
  0x000000001ca76000 JavaThread "Asynchronous log dispatcher for DefaultDaemonConnection: socket connection from /127.0.0.1:55921 to /127.0.0.1:56046" [_thread_blocked, id=79808, stack(0x0000000000c10000,0x0000000000d10000)]
  0x000000001ca7a800 JavaThread "Cancel handler" [_thread_blocked, id=100000, stack(0x0000000000b10000,0x0000000000c10000)]
  0x000000001ca79800 JavaThread "Handler for socket connection from /127.0.0.1:55921 to /127.0.0.1:56046" [_thread_in_native, id=99552, stack(0x0000000000a10000,0x0000000000b10000)]
  0x000000001c72d800 JavaThread "Memory manager" [_thread_blocked, id=99880, stack(0x000000002bb30000,0x000000002bc30000)]
  0x000000001c72c800 JavaThread "jar transforms Thread 94" [_thread_blocked, id=99544, stack(0x00000000287a0000,0x00000000288a0000)]
  0x000000001c729800 JavaThread "jar transforms Thread 93" [_thread_blocked, id=99540, stack(0x00000000286a0000,0x00000000287a0000)]
  0x000000001c72c000 JavaThread "jar transforms Thread 92" [_thread_blocked, id=99536, stack(0x00000000285a0000,0x00000000286a0000)]
  0x000000001c722000 JavaThread "jar transforms Thread 91" [_thread_blocked, id=99532, stack(0x00000000284a0000,0x00000000285a0000)]
  0x000000001c729000 JavaThread "jar transforms Thread 90" [_thread_blocked, id=99528, stack(0x00000000283a0000,0x00000000284a0000)]
  0x000000001c721800 JavaThread "jar transforms Thread 89" [_thread_blocked, id=99524, stack(0x00000000282a0000,0x00000000283a0000)]
  0x000000001c727800 JavaThread "jar transforms Thread 88" [_thread_blocked, id=99520, stack(0x00000000281a0000,0x00000000282a0000)]
  0x000000001c728000 JavaThread "jar transforms Thread 87" [_thread_blocked, id=99516, stack(0x00000000280a0000,0x00000000281a0000)]
  0x000000001c720000 JavaThread "jar transforms Thread 86" [_thread_blocked, id=99512, stack(0x0000000027fa0000,0x00000000280a0000)]
  0x000000001c726800 JavaThread "jar transforms Thread 85" [_thread_blocked, id=99508, stack(0x0000000027ea0000,0x0000000027fa0000)]
  0x000000001c723800 JavaThread "jar transforms Thread 84" [_thread_blocked, id=99504, stack(0x0000000027da0000,0x0000000027ea0000)]
  0x000000001c723000 JavaThread "jar transforms Thread 83" [_thread_blocked, id=99500, stack(0x0000000027ca0000,0x0000000027da0000)]
  0x000000001c71f000 JavaThread "jar transforms Thread 82" [_thread_blocked, id=99496, stack(0x0000000027ba0000,0x0000000027ca0000)]
  0x000000001c726000 JavaThread "jar transforms Thread 81" [_thread_blocked, id=99492, stack(0x0000000027aa0000,0x0000000027ba0000)]
  0x000000001c720800 JavaThread "jar transforms Thread 80" [_thread_blocked, id=99488, stack(0x00000000279a0000,0x0000000027aa0000)]
  0x000000001c724800 JavaThread "jar transforms Thread 79" [_thread_blocked, id=99484, stack(0x00000000278a0000,0x00000000279a0000)]
  0x000000001c725000 JavaThread "jar transforms Thread 78" [_thread_blocked, id=99480, stack(0x00000000277a0000,0x00000000278a0000)]
  0x000000001af82000 JavaThread "jar transforms Thread 77" [_thread_blocked, id=99476, stack(0x00000000276a0000,0x00000000277a0000)]
  0x000000001af81800 JavaThread "jar transforms Thread 76" [_thread_blocked, id=99472, stack(0x00000000275a0000,0x00000000276a0000)]
  0x000000001af7f000 JavaThread "jar transforms Thread 75" [_thread_blocked, id=99468, stack(0x00000000274a0000,0x00000000275a0000)]
  0x000000001af80800 JavaThread "jar transforms Thread 74" [_thread_blocked, id=99464, stack(0x00000000273a0000,0x00000000274a0000)]
  0x000000001af83000 JavaThread "jar transforms Thread 73" [_thread_blocked, id=99460, stack(0x00000000272a0000,0x00000000273a0000)]
  0x000000001af7e800 JavaThread "jar transforms Thread 72" [_thread_blocked, id=99456, stack(0x00000000271a0000,0x00000000272a0000)]
  0x000000001af7d800 JavaThread "jar transforms Thread 71" [_thread_blocked, id=99452, stack(0x00000000270a0000,0x00000000271a0000)]
  0x000000001af84800 JavaThread "jar transforms Thread 70" [_thread_blocked, id=99448, stack(0x0000000026fa0000,0x00000000270a0000)]
  0x000000001af83800 JavaThread "jar transforms Thread 69" [_thread_blocked, id=99444, stack(0x0000000026ea0000,0x0000000026fa0000)]
  0x000000001af80000 JavaThread "jar transforms Thread 68" [_thread_blocked, id=99440, stack(0x0000000026da0000,0x0000000026ea0000)]
  0x000000001af76000 JavaThread "jar transforms Thread 67" [_thread_blocked, id=99436, stack(0x0000000026ca0000,0x0000000026da0000)]
  0x000000001af77000 JavaThread "jar transforms Thread 66" [_thread_blocked, id=99432, stack(0x0000000026ba0000,0x0000000026ca0000)]
  0x000000001af7d000 JavaThread "jar transforms Thread 65" [_thread_blocked, id=99428, stack(0x0000000026aa0000,0x0000000026ba0000)]
  0x000000001af79000 JavaThread "jar transforms Thread 64" [_thread_blocked, id=99424, stack(0x00000000269a0000,0x0000000026aa0000)]
  0x000000001af7a800 JavaThread "jar transforms Thread 63" [_thread_blocked, id=99420, stack(0x00000000268a0000,0x00000000269a0000)]
  0x000000001af7a000 JavaThread "jar transforms Thread 62" [_thread_blocked, id=99416, stack(0x00000000267a0000,0x00000000268a0000)]
  0x000000001af77800 JavaThread "jar transforms Thread 61" [_thread_blocked, id=99412, stack(0x00000000266a0000,0x00000000267a0000)]
  0x000000001af78800 JavaThread "jar transforms Thread 60" [_thread_blocked, id=99408, stack(0x00000000265a0000,0x00000000266a0000)]
  0x000000001af7b800 JavaThread "jar transforms Thread 59" [_thread_blocked, id=99404, stack(0x00000000264a0000,0x00000000265a0000)]
  0x000000001af75800 JavaThread "jar transforms Thread 58" [_thread_blocked, id=99400, stack(0x00000000263a0000,0x00000000264a0000)]
  0x000000001af7c000 JavaThread "jar transforms Thread 57" [_thread_blocked, id=99396, stack(0x00000000262a0000,0x00000000263a0000)]
  0x000000001cac0800 JavaThread "jar transforms Thread 56" [_thread_blocked, id=99392, stack(0x00000000261a0000,0x00000000262a0000)]
  0x000000001cac5800 JavaThread "jar transforms Thread 55" [_thread_blocked, id=99388, stack(0x00000000260a0000,0x00000000261a0000)]
  0x000000001cac5000 JavaThread "jar transforms Thread 54" [_thread_blocked, id=99384, stack(0x0000000025fa0000,0x00000000260a0000)]
  0x000000001cac2800 JavaThread "jar transforms Thread 53" [_thread_blocked, id=99380, stack(0x0000000025ea0000,0x0000000025fa0000)]
  0x000000001cac2000 JavaThread "jar transforms Thread 52" [_thread_blocked, id=99376, stack(0x0000000025da0000,0x0000000025ea0000)]
  0x000000001cac3800 JavaThread "jar transforms Thread 51" [_thread_blocked, id=99372, stack(0x0000000025ca0000,0x0000000025da0000)]
  0x000000001cac7000 JavaThread "jar transforms Thread 50" [_thread_blocked, id=99368, stack(0x0000000025ba0000,0x0000000025ca0000)]
  0x000000001cac6800 JavaThread "jar transforms Thread 49" [_thread_blocked, id=99364, stack(0x0000000025aa0000,0x0000000025ba0000)]
  0x000000001cac4000 JavaThread "jar transforms Thread 48" [_thread_blocked, id=99352, stack(0x00000000259a0000,0x0000000025aa0000)]
  0x000000001caba800 JavaThread "jar transforms Thread 47" [_thread_blocked, id=99348, stack(0x00000000258a0000,0x00000000259a0000)]
  0x000000001cabf800 JavaThread "jar transforms Thread 46" [_thread_blocked, id=99344, stack(0x00000000257a0000,0x00000000258a0000)]
  0x000000001cabf000 JavaThread "jar transforms Thread 45" [_thread_blocked, id=99340, stack(0x00000000256a0000,0x00000000257a0000)]
  0x000000001cac1000 JavaThread "jar transforms Thread 44" [_thread_blocked, id=99336, stack(0x00000000255a0000,0x00000000256a0000)]
  0x000000001cabd800 JavaThread "jar transforms Thread 43" [_thread_blocked, id=99332, stack(0x00000000254a0000,0x00000000255a0000)]
  0x000000001cabe000 JavaThread "jar transforms Thread 42" [_thread_blocked, id=99140, stack(0x00000000253a0000,0x00000000254a0000)]
  0x000000001cabc000 JavaThread "jar transforms Thread 41" [_thread_blocked, id=98324, stack(0x00000000252a0000,0x00000000253a0000)]
  0x000000001cab9000 JavaThread "jar transforms Thread 40" [_thread_blocked, id=98488, stack(0x00000000251a0000,0x00000000252a0000)]
  0x000000001cabc800 JavaThread "jar transforms Thread 39" [_thread_blocked, id=99108, stack(0x00000000250a0000,0x00000000251a0000)]
  0x000000001cab9800 JavaThread "jar transforms Thread 38" [_thread_blocked, id=98356, stack(0x0000000024fa0000,0x00000000250a0000)]
  0x000000001cab8000 JavaThread "jar transforms Thread 37" [_thread_blocked, id=97740, stack(0x0000000024ea0000,0x0000000024fa0000)]
  0x000000001cabb000 JavaThread "jar transforms Thread 36" [_thread_blocked, id=93272, stack(0x0000000024da0000,0x0000000024ea0000)]
  0x000000001cd18000 JavaThread "jar transforms Thread 35" [_thread_blocked, id=82100, stack(0x0000000024ca0000,0x0000000024da0000)]
  0x000000001cd16000 JavaThread "jar transforms Thread 34" [_thread_blocked, id=94736, stack(0x0000000024ba0000,0x0000000024ca0000)]
  0x000000001cd17800 JavaThread "jar transforms Thread 33" [_thread_blocked, id=99288, stack(0x0000000024aa0000,0x0000000024ba0000)]
  0x000000001cd19800 JavaThread "jar transforms Thread 32" [_thread_blocked, id=99004, stack(0x00000000249a0000,0x0000000024aa0000)]
  0x000000001cd19000 JavaThread "jar transforms Thread 31" [_thread_blocked, id=99240, stack(0x00000000248a0000,0x00000000249a0000)]
  0x000000001cd14800 JavaThread "jar transforms Thread 30" [_thread_blocked, id=76808, stack(0x00000000247a0000,0x00000000248a0000)]
  0x000000001cd15000 JavaThread "jar transforms Thread 29" [_thread_blocked, id=98920, stack(0x00000000246a0000,0x00000000247a0000)]
  0x000000001cd16800 JavaThread "jar transforms Thread 28" [_thread_blocked, id=98628, stack(0x00000000245a0000,0x00000000246a0000)]
  0x000000001cd0d800 JavaThread "jar transforms Thread 27" [_thread_blocked, id=98552, stack(0x00000000244a0000,0x00000000245a0000)]
  0x000000001cd13800 JavaThread "jar transforms Thread 26" [_thread_blocked, id=98744, stack(0x00000000243a0000,0x00000000244a0000)]
  0x000000001cd13000 JavaThread "jar transforms Thread 25" [_thread_blocked, id=95316, stack(0x00000000242a0000,0x00000000243a0000)]
  0x000000001cd12000 JavaThread "jar transforms Thread 24" [_thread_blocked, id=94708, stack(0x00000000241a0000,0x00000000242a0000)]
  0x000000001cd11800 JavaThread "jar transforms Thread 23" [_thread_blocked, id=93988, stack(0x00000000240a0000,0x00000000241a0000)]
  0x000000001cd0a800 JavaThread "jar transforms Thread 22" [_thread_blocked, id=95420, stack(0x0000000023fa0000,0x00000000240a0000)]
  0x000000001cd0b800 JavaThread "jar transforms Thread 21" [_thread_blocked, id=98424, stack(0x0000000023ea0000,0x0000000023fa0000)]
  0x000000001cd10800 JavaThread "jar transforms Thread 20" [_thread_blocked, id=96208, stack(0x0000000023da0000,0x0000000023ea0000)]
  0x000000001cd0e800 JavaThread "jar transforms Thread 19" [_thread_blocked, id=88192, stack(0x0000000023ca0000,0x0000000023da0000)]
  0x000000001cd0f000 JavaThread "jar transforms Thread 18" [_thread_blocked, id=96628, stack(0x0000000023ba0000,0x0000000023ca0000)]
  0x000000001cd0d000 JavaThread "jar transforms Thread 17" [_thread_blocked, id=95536, stack(0x0000000023aa0000,0x0000000023ba0000)]
  0x000000001cd10000 JavaThread "jar transforms Thread 16" [_thread_blocked, id=98652, stack(0x00000000239a0000,0x0000000023aa0000)]
  0x000000001cd0c000 JavaThread "jar transforms Thread 15" [_thread_blocked, id=92008, stack(0x00000000238a0000,0x00000000239a0000)]
  0x0000000019968800 JavaThread "jar transforms Thread 14" [_thread_blocked, id=89444, stack(0x00000000237a0000,0x00000000238a0000)]
  0x0000000019967000 JavaThread "jar transforms Thread 13" [_thread_blocked, id=97876, stack(0x00000000236a0000,0x00000000237a0000)]
  0x0000000019966000 JavaThread "jar transforms Thread 12" [_thread_blocked, id=98860, stack(0x00000000235a0000,0x00000000236a0000)]
  0x000000001996d000 JavaThread "jar transforms Thread 11" [_thread_blocked, id=99228, stack(0x00000000234a0000,0x00000000235a0000)]
  0x0000000019969000 JavaThread "jar transforms Thread 10" [_thread_blocked, id=83708, stack(0x00000000233a0000,0x00000000234a0000)]
  0x000000001996c800 JavaThread "jar transforms Thread 9" [_thread_blocked, id=96720, stack(0x00000000232a0000,0x00000000233a0000)]
  0x000000001996b000 JavaThread "jar transforms Thread 8" [_thread_blocked, id=94092, stack(0x00000000231a0000,0x00000000232a0000)]
  0x0000000019967800 JavaThread "jar transforms Thread 7" [_thread_blocked, id=99000, stack(0x00000000230a0000,0x00000000231a0000)]
  0x000000001996a000 JavaThread "jar transforms Thread 6" [_thread_blocked, id=93780, stack(0x0000000022fa0000,0x00000000230a0000)]
  0x000000001996b800 JavaThread "jar transforms Thread 5" [_thread_blocked, id=97808, stack(0x0000000022ea0000,0x0000000022fa0000)]
  0x000000001bfbc800 JavaThread "jar transforms Thread 4" [_thread_blocked, id=98072, stack(0x0000000022da0000,0x0000000022ea0000)]
  0x000000001bfc3800 JavaThread "jar transforms Thread 3" [_thread_blocked, id=83488, stack(0x0000000022ca0000,0x0000000022da0000)]
  0x000000001bfbe000 JavaThread "jar transforms Thread 2" [_thread_blocked, id=96096, stack(0x0000000022ba0000,0x0000000022ca0000)]
  0x000000001bfc2000 JavaThread "Cache worker for file content cache (C:\Users\daman\.gradle\caches\6.5\fileContent)" [_thread_blocked, id=97528, stack(0x00000000219a0000,0x0000000021aa0000)]
  0x000000001bfc1000 JavaThread "jar transforms" [_thread_blocked, id=89432, stack(0x00000000218a0000,0x00000000219a0000)]
  0x000000001bfc0800 JavaThread "Cache worker for execution history cache (C:\Users\daman\.gradle\caches\6.5\executionHistory)" [_thread_blocked, id=88664, stack(0x00000000211a0000,0x00000000212a0000)]
  0x000000001bfbd800 JavaThread "Cache worker for file hash cache (C:\Users\daman\.gradle\caches\6.5\fileHashes)" [_thread_blocked, id=98660, stack(0x000000001e6a0000,0x000000001e7a0000)]
  0x000000001bfbf000 JavaThread "File lock request listener" [_thread_in_native, id=88704, stack(0x000000001e5a0000,0x000000001e6a0000)]
  0x000000001afd5000 JavaThread "Cache worker for journal cache (C:\Users\daman\.gradle\caches\journal-1)" [_thread_blocked, id=94836, stack(0x000000001e4a0000,0x000000001e5a0000)]
  0x0000000019a59000 JavaThread "Daemon worker" [_thread_blocked, id=90508, stack(0x000000001dea0000,0x000000001dfa0000)]
  0x000000001984f800 JavaThread "Daemon" [_thread_blocked, id=73960, stack(0x000000001dba0000,0x000000001dca0000)]
  0x000000001c0e3800 JavaThread "Daemon periodic checks" [_thread_blocked, id=90328, stack(0x000000001d8a0000,0x000000001d9a0000)]
  0x000000001c0a0000 JavaThread "Incoming local TCP Connector on port 55921" [_thread_in_native, id=80568, stack(0x000000001d660000,0x000000001d760000)]
  0x000000001c044800 JavaThread "Daemon health stats" [_thread_blocked, id=97580, stack(0x000000001d020000,0x000000001d120000)]
  0x0000000019847800 JavaThread "Service Thread" daemon [_thread_blocked, id=98592, stack(0x000000001a480000,0x000000001a580000)]
  0x00000000197be800 JavaThread "C1 CompilerThread3" daemon [_thread_in_native, id=97316, stack(0x000000001a380000,0x000000001a480000)]
  0x00000000197b9000 JavaThread "C2 CompilerThread2" daemon [_thread_in_native, id=97096, stack(0x000000001a280000,0x000000001a380000)]
=>0x00000000179bd000 JavaThread "C2 CompilerThread1" daemon [_thread_in_native, id=98360, stack(0x000000001a180000,0x000000001a280000)]
  0x00000000197b1000 JavaThread "C2 CompilerThread0" daemon [_thread_in_native, id=98752, stack(0x000000001a080000,0x000000001a180000)]
  0x00000000197b0000 JavaThread "Attach Listener" daemon [_thread_blocked, id=98244, stack(0x0000000019f80000,0x000000001a080000)]
  0x00000000197af000 JavaThread "Signal Dispatcher" daemon [_thread_blocked, id=97444, stack(0x0000000019e80000,0x0000000019f80000)]
  0x00000000197a0800 JavaThread "Finalizer" daemon [_thread_blocked, id=98588, stack(0x0000000019c80000,0x0000000019d80000)]
  0x0000000002847000 JavaThread "Reference Handler" daemon [_thread_blocked, id=98396, stack(0x0000000019b80000,0x0000000019c80000)]
  0x000000000293e000 JavaThread "main" [_thread_blocked, id=80468, stack(0x00000000025c0000,0x00000000026c0000)]

Other Threads:
  0x00000000179a6000 VMThread [stack: 0x0000000019680000,0x0000000019780000] [id=98928]
  0x0000000019848800 WatcherThread [stack: 0x000000001a580000,0x000000001a680000] [id=97760]

VM state:not at safepoint (normal execution)

VM Mutex/Monitor currently owned by a thread: None

heap address: 0x0000000080000000, size: 2048 MB, Compressed Oops mode: 32-bit
Narrow klass base: 0x0000000000000000, Narrow klass shift: 3
Compressed class space size: 1073741824 Address: 0x0000000100000000

Heap:
 PSYoungGen      total 228352K, used 183389K [0x00000000d5580000, 0x00000000e7180000, 0x0000000100000000)
  eden space 206336K, 80% used [0x00000000d5580000,0x00000000df7133d0,0x00000000e1f00000)
  from space 22016K, 81% used [0x00000000e1f00000,0x00000000e3084098,0x00000000e3480000)
  to   space 24064K, 0% used [0x00000000e5a00000,0x00000000e5a00000,0x00000000e7180000)
 ParOldGen       total 93184K, used 44006K [0x0000000080000000, 0x0000000085b00000, 0x00000000d5580000)
  object space 93184K, 47% used [0x0000000080000000,0x0000000082af9980,0x0000000085b00000)
 Metaspace       used 81707K, capacity 86376K, committed 86552K, reserved 1124352K
  class space    used 11145K, capacity 12044K, committed 12080K, reserved 1048576K

Card table byte_map: [0x0000000011d00000,0x0000000012110000] byte_map_base: 0x0000000011900000

Marking Bits: (ParMarkBitMap*) 0x0000000056fef030
 Begin Bits: [0x0000000012bc0000, 0x0000000014bc0000)
 End Bits:   [0x0000000014bc0000, 0x0000000016bc0000)

Polling page: 0x0000000000da0000

CodeCache: size=245760Kb used=32310Kb max_used=32863Kb free=213449Kb
 bounds [0x0000000002940000, 0x0000000004980000, 0x0000000011940000]
 total_blobs=10854 nmethods=10022 adapters=745
 compilation: enabled

Compilation events (10 events):
Event: 93.036 Thread 0x00000000197be800 11618       2       java.util.LinkedList$ListItr::previous (70 bytes)
Event: 93.036 Thread 0x00000000197be800 nmethod 11618 0x000000000301d950 code [0x000000000301dae0, 0x000000000301de18]
Event: 93.054 Thread 0x00000000197be800 11622       1       com.android.tools.r8.s.b.k0::H0 (5 bytes)
Event: 93.055 Thread 0x00000000197be800 nmethod 11622 0x00000000035bd450 code [0x00000000035bd5a0, 0x00000000035bd6b0]
Event: 93.062 Thread 0x00000000197be800 11623       1       com.android.tools.r8.s.b.k0::e2 (2 bytes)
Event: 93.063 Thread 0x00000000197be800 nmethod 11623 0x000000000378bd50 code [0x000000000378bea0, 0x000000000378bfb0]
Event: 93.063 Thread 0x00000000197be800 11624       1       com.android.tools.r8.s.b.q1::r (5 bytes)
Event: 93.063 Thread 0x00000000197be800 nmethod 11624 0x00000000039a2c10 code [0x00000000039a2d60, 0x00000000039a2e70]
Event: 93.078 Thread 0x00000000197be800 11625       1       com.android.tools.r8.graph.E::f (5 bytes)
Event: 93.078 Thread 0x00000000197be800 nmethod 11625 0x0000000003b5e390 code [0x0000000003b5e4e0, 0x0000000003b5e5f0]

GC Heap History (10 events):
Event: 28.255 GC heap before
{Heap before GC invocations=18 (full 2):
 PSYoungGen      total 142336K, used 35603K [0x00000000d5580000, 0x00000000e2480000, 0x0000000100000000)
  eden space 128000K, 16% used [0x00000000d5580000,0x00000000d6a4a4b0,0x00000000dd280000)
  from space 14336K, 99% used [0x00000000dd280000,0x00000000de07aa18,0x00000000de080000)
  to   space 18944K, 0% used [0x00000000e1200000,0x00000000e1200000,0x00000000e2480000)
 ParOldGen       total 58880K, used 29061K [0x0000000080000000, 0x0000000083980000, 0x00000000d5580000)
  object space 58880K, 49% used [0x0000000080000000,0x0000000081c61710,0x0000000083980000)
 Metaspace       used 56758K, capacity 59152K, committed 59160K, reserved 1099776K
  class space    used 7749K, capacity 8232K, committed 8240K, reserved 1048576K
Event: 28.277 GC heap after
Heap after GC invocations=18 (full 2):
 PSYoungGen      total 193024K, used 1664K [0x00000000d5580000, 0x00000000e2e00000, 0x0000000100000000)
  eden space 174080K, 0% used [0x00000000d5580000,0x00000000d5580000,0x00000000dff80000)
  from space 18944K, 8% used [0x00000000e1200000,0x00000000e13a0000,0x00000000e2480000)
  to   space 18944K, 0% used [0x00000000dff80000,0x00000000dff80000,0x00000000e1200000)
 ParOldGen       total 58880K, used 37716K [0x0000000080000000, 0x0000000083980000, 0x00000000d5580000)
  object space 58880K, 64% used [0x0000000080000000,0x00000000824d5148,0x0000000083980000)
 Metaspace       used 56758K, capacity 59152K, committed 59160K, reserved 1099776K
  class space    used 7749K, capacity 8232K, committed 8240K, reserved 1048576K
}
Event: 28.277 GC heap before
{Heap before GC invocations=19 (full 3):
 PSYoungGen      total 193024K, used 1664K [0x00000000d5580000, 0x00000000e2e00000, 0x0000000100000000)
  eden space 174080K, 0% used [0x00000000d5580000,0x00000000d5580000,0x00000000dff80000)
  from space 18944K, 8% used [0x00000000e1200000,0x00000000e13a0000,0x00000000e2480000)
  to   space 18944K, 0% used [0x00000000dff80000,0x00000000dff80000,0x00000000e1200000)
 ParOldGen       total 58880K, used 37716K [0x0000000080000000, 0x0000000083980000, 0x00000000d5580000)
  object space 58880K, 64% used [0x0000000080000000,0x00000000824d5148,0x0000000083980000)
 Metaspace       used 56758K, capacity 59152K, committed 59160K, reserved 1099776K
  class space    used 7749K, capacity 8232K, committed 8240K, reserved 1048576K
Event: 28.638 GC heap after
Heap after GC invocations=19 (full 3):
 PSYoungGen      total 193024K, used 0K [0x00000000d5580000, 0x00000000e2e00000, 0x0000000100000000)
  eden space 174080K, 0% used [0x00000000d5580000,0x00000000d5580000,0x00000000dff80000)
  from space 18944K, 0% used [0x00000000e1200000,0x00000000e1200000,0x00000000e2480000)
  to   space 18944K, 0% used [0x00000000dff80000,0x00000000dff80000,0x00000000e1200000)
 ParOldGen       total 93184K, used 33750K [0x0000000080000000, 0x0000000085b00000, 0x00000000d5580000)
  object space 93184K, 36% used [0x0000000080000000,0x00000000820f5a20,0x0000000085b00000)
 Metaspace       used 56734K, capacity 59068K, committed 59160K, reserved 1099776K
  class space    used 7742K, capacity 8218K, committed 8240K, reserved 1048576K
}
Event: 34.506 GC heap before
{Heap before GC invocations=20 (full 3):
 PSYoungGen      total 193024K, used 174080K [0x00000000d5580000, 0x00000000e2e00000, 0x0000000100000000)
  eden space 174080K, 100% used [0x00000000d5580000,0x00000000dff80000,0x00000000dff80000)
  from space 18944K, 0% used [0x00000000e1200000,0x00000000e1200000,0x00000000e2480000)
  to   space 18944K, 0% used [0x00000000dff80000,0x00000000dff80000,0x00000000e1200000)
 ParOldGen       total 93184K, used 33750K [0x0000000080000000, 0x0000000085b00000, 0x00000000d5580000)
  object space 93184K, 36% used [0x0000000080000000,0x00000000820f5a20,0x0000000085b00000)
 Metaspace       used 64085K, capacity 67156K, committed 67352K, reserved 1107968K
  class space    used 8863K, capacity 9484K, committed 9520K, reserved 1048576K
Event: 34.550 GC heap after
Heap after GC invocations=20 (full 3):
 PSYoungGen      total 193024K, used 16413K [0x00000000d5580000, 0x00000000e4c80000, 0x0000000100000000)
  eden space 174080K, 0% used [0x00000000d5580000,0x00000000d5580000,0x00000000dff80000)
  from space 18944K, 86% used [0x00000000dff80000,0x00000000e0f87620,0x00000000e1200000)
  to   space 20992K, 0% used [0x00000000e3800000,0x00000000e3800000,0x00000000e4c80000)
 ParOldGen       total 93184K, used 33758K [0x0000000080000000, 0x0000000085b00000, 0x00000000d5580000)
  object space 93184K, 36% used [0x0000000080000000,0x00000000820f7a20,0x0000000085b00000)
 Metaspace       used 64085K, capacity 67156K, committed 67352K, reserved 1107968K
  class space    used 8863K, capacity 9484K, committed 9520K, reserved 1048576K
}
Event: 79.044 GC heap before
{Heap before GC invocations=21 (full 3):
 PSYoungGen      total 193024K, used 190493K [0x00000000d5580000, 0x00000000e4c80000, 0x0000000100000000)
  eden space 174080K, 100% used [0x00000000d5580000,0x00000000dff80000,0x00000000dff80000)
  from space 18944K, 86% used [0x00000000dff80000,0x00000000e0f87620,0x00000000e1200000)
  to   space 20992K, 0% used [0x00000000e3800000,0x00000000e3800000,0x00000000e4c80000)
 ParOldGen       total 93184K, used 33758K [0x0000000080000000, 0x0000000085b00000, 0x00000000d5580000)
  object space 93184K, 36% used [0x0000000080000000,0x00000000820f7a20,0x0000000085b00000)
 Metaspace       used 71159K, capacity 74482K, committed 74776K, reserved 1114112K
  class space    used 9549K, capacity 10185K, committed 10288K, reserved 1048576K
Event: 79.150 GC heap after
Heap after GC invocations=21 (full 3):
 PSYoungGen      total 224768K, used 13736K [0x00000000d5580000, 0x00000000e4a00000, 0x0000000100000000)
  eden space 206336K, 0% used [0x00000000d5580000,0x00000000d5580000,0x00000000e1f00000)
  from space 18432K, 74% used [0x00000000e3800000,0x00000000e456a048,0x00000000e4a00000)
  to   space 22016K, 0% used [0x00000000e1f00000,0x00000000e1f00000,0x00000000e3480000)
 ParOldGen       total 93184K, used 43998K [0x0000000080000000, 0x0000000085b00000, 0x00000000d5580000)
  object space 93184K, 47% used [0x0000000080000000,0x0000000082af7980,0x0000000085b00000)
 Metaspace       used 71159K, capacity 74482K, committed 74776K, reserved 1114112K
  class space    used 9549K, capacity 10185K, committed 10288K, reserved 1048576K
}
Event: 89.823 GC heap before
{Heap before GC invocations=22 (full 3):
 PSYoungGen      total 224768K, used 220072K [0x00000000d5580000, 0x00000000e4a00000, 0x0000000100000000)
  eden space 206336K, 100% used [0x00000000d5580000,0x00000000e1f00000,0x00000000e1f00000)
  from space 18432K, 74% used [0x00000000e3800000,0x00000000e456a048,0x00000000e4a00000)
  to   space 22016K, 0% used [0x00000000e1f00000,0x00000000e1f00000,0x00000000e3480000)
 ParOldGen       total 93184K, used 43998K [0x0000000080000000, 0x0000000085b00000, 0x00000000d5580000)
  object space 93184K, 47% used [0x0000000080000000,0x0000000082af7980,0x0000000085b00000)
 Metaspace       used 73473K, capacity 76886K, committed 76952K, reserved 1116160K
  class space    used 9765K, capacity 10389K, committed 10416K, reserved 1048576K
Event: 89.937 GC heap after
Heap after GC invocations=22 (full 3):
 PSYoungGen      total 228352K, used 17936K [0x00000000d5580000, 0x00000000e7180000, 0x0000000100000000)
  eden space 206336K, 0% used [0x00000000d5580000,0x00000000d5580000,0x00000000e1f00000)
  from space 22016K, 81% used [0x00000000e1f00000,0x00000000e3084098,0x00000000e3480000)
  to   space 24064K, 0% used [0x00000000e5a00000,0x00000000e5a00000,0x00000000e7180000)
 ParOldGen       total 93184K, used 44006K [0x0000000080000000, 0x0000000085b00000, 0x00000000d5580000)
  object space 93184K, 47% used [0x0000000080000000,0x0000000082af9980,0x0000000085b00000)
 Metaspace       used 73473K, capacity 76886K, committed 76952K, reserved 1116160K
  class space    used 9765K, capacity 10389K, committed 10416K, reserved 1048576K
}

Deoptimization events (10 events):
Event: 92.382 Thread 0x000000001ac17800 Uncommon trap: reason=class_check action=maybe_recompile pc=0x0000000004884448 method=com.android.tools.r8.dex.n.a(ILjava/util/function/Supplier;)Ljava/lang/Object; @ 33
Event: 92.384 Thread 0x000000001ac0d800 Uncommon trap: reason=unloaded action=reinterpret pc=0x00000000048762d8 method=com.android.tools.r8.graph.O0.a(I)V @ 554
Event: 92.391 Thread 0x000000001ac1a000 Uncommon trap: reason=unstable_if action=reinterpret pc=0x00000000048791d0 method=com.android.tools.r8.t.a.a.a.f.X.get(I)Ljava/lang/Object; @ 1
Event: 92.525 Thread 0x000000001ac14800 Uncommon trap: reason=unstable_if action=reinterpret pc=0x0000000003b4305c method=java.util.HashMap.putVal(ILjava/lang/Object;Ljava/lang/Object;ZZ)Ljava/lang/Object; @ 236
Event: 92.544 Thread 0x000000001ac11800 Uncommon trap: reason=unstable_if action=reinterpret pc=0x0000000002adf338 method=java.util.Arrays.hashCode([Ljava/lang/Object;)I @ 1
Event: 92.544 Thread 0x000000001ac11800 Uncommon trap: reason=unstable_if action=reinterpret pc=0x000000000489ab74 method=com.android.tools.r8.graph.d0.computeEquals(Ljava/lang/Object;)Z @ 37
Event: 92.591 Thread 0x000000001ac10000 Uncommon trap: reason=unstable_if action=reinterpret pc=0x000000000489f94c method=com.android.tools.r8.graph.k0.equals(Ljava/lang/Object;)Z @ 28
Event: 92.591 Thread 0x000000001ac10000 Uncommon trap: reason=unstable_if action=reinterpret pc=0x00000000048a08dc method=com.android.tools.r8.graph.k0.equals(Ljava/lang/Object;)Z @ 28
Event: 92.593 Thread 0x000000001ac10000 Uncommon trap: reason=unstable_if action=reinterpret pc=0x00000000034fc8b8 method=com.android.tools.r8.graph.i0.b(Lcom/android/tools/r8/graph/i0;)I @ 49
Event: 92.813 Thread 0x000000001ac14800 Uncommon trap: reason=bimorphic action=maybe_recompile pc=0x00000000048c0298 method=java.util.Map.computeIfAbsent(Ljava/lang/Object;Ljava/util/function/Function;)Ljava/lang/Object; @ 7

Classes redefined (0 events):
No events

Internal exceptions (10 events):
Event: 91.263 Thread 0x000000001c72e800 Exception <a 'sun/nio/fs/WindowsException'> (0x00000000d62f49d0) thrown at [C:\src\AOSP-openjdk-git\hotspot\src\share\vm\prims\jni.cpp, line 710]
Event: 91.281 Thread 0x000000001ac15800 Exception <a 'java/lang/NoSuchMethodError': java.lang.Object.lambda$static$0(Ljava/lang/String;)Z> (0x00000000d62b1cc8) thrown at [C:\src\AOSP-openjdk-git\hotspot\src\share\vm\interpreter\linkResolver.cpp, line 620]
Event: 91.319 Thread 0x000000001ac14800 Exception <a 'sun/nio/fs/WindowsException'> (0x00000000d69862f0) thrown at [C:\src\AOSP-openjdk-git\hotspot\src\share\vm\prims\jni.cpp, line 710]
Event: 91.319 Thread 0x000000001ac0d800 Exception <a 'sun/nio/fs/WindowsException'> (0x00000000d69658e0) thrown at [C:\src\AOSP-openjdk-git\hotspot\src\share\vm\prims\jni.cpp, line 710]
Event: 91.397 Thread 0x000000001ac13000 Exception <a 'sun/nio/fs/WindowsException'> (0x00000000d6d9f318) thrown at [C:\src\AOSP-openjdk-git\hotspot\src\share\vm\prims\jni.cpp, line 710]
Event: 91.808 Thread 0x000000001ac13000 Exception <a 'java/lang/IncompatibleClassChangeError': Found class java.lang.Object, but interface was expected> (0x00000000d934b050) thrown at [C:\src\AOSP-openjdk-git\hotspot\src\share\vm\interpreter\linkResolver.cpp, line 653]
Event: 91.808 Thread 0x000000001ac0d800 Exception <a 'java/lang/IncompatibleClassChangeError': Found class java.lang.Object, but interface was expected> (0x00000000d9343518) thrown at [C:\src\AOSP-openjdk-git\hotspot\src\share\vm\interpreter\linkResolver.cpp, line 653]
Event: 92.532 Thread 0x000000001ac0d800 Exception <a 'java/lang/NoSuchMethodError': java.lang.Object.b(Lcom/android/tools/r8/graph/p1$b;)Lcom/android/tools/r8/graph/p1$b;> (0x00000000dd122e30) thrown at [C:\src\AOSP-openjdk-git\hotspot\src\share\vm\interpreter\linkResolver.cpp, line 620]
Event: 92.544 Thread 0x000000001ac11800 Implicit null exception at 0x0000000002adf22f to 0x0000000002adf329
Event: 92.769 Thread 0x000000001ac13000 Exception <a 'java/lang/NoSuchMethodError': java.lang.Object.lambda$maxBy$1(Ljava/util/Comparator;Ljava/lang/Object;Ljava/lang/Object;)Ljava/lang/Object;> (0x00000000ddaa3838) thrown at [C:\src\AOSP-openjdk-git\hotspot\src\share\vm\interpreter\linkResolve

Events (10 events):
Event: 93.073 loading class com/android/tools/r8/ir/optimize/y$b
Event: 93.073 loading class com/android/tools/r8/ir/optimize/y$b done
Event: 93.074 loading class com/android/tools/r8/t/a/a/a/f/X$c
Event: 93.074 loading class com/android/tools/r8/t/a/a/a/f/X$c done
Event: 93.075 loading class com/android/tools/r8/t/a/a/a/f/X$b
Event: 93.075 loading class com/android/tools/r8/t/a/a/a/f/X$b done
Event: 93.076 loading class com/android/tools/r8/ir/optimize/y
Event: 93.076 loading class com/android/tools/r8/ir/optimize/y done
Event: 93.079 loading class com/android/tools/r8/ir/optimize/e0
Event: 93.079 loading class com/android/tools/r8/ir/optimize/e0 done


Dynamic libraries:
0x00007ff677c60000 - 0x00007ff677c91000 	C:\Program Files\Android\Android Studio\jre\bin\java.exe
0x00007ff9617d0000 - 0x00007ff9619c5000 	C:\WINDOWS\SYSTEM32\ntdll.dll
0x00007ff961650000 - 0x00007ff96170d000 	C:\WINDOWS\System32\KERNEL32.DLL
0x00007ff95ef10000 - 0x00007ff95f1d8000 	C:\WINDOWS\System32\KERNELBASE.dll
0x00007ff960170000 - 0x00007ff96021c000 	C:\WINDOWS\System32\ADVAPI32.dll
0x00007ff960610000 - 0x00007ff9606ae000 	C:\WINDOWS\System32\msvcrt.dll
0x00007ff9603e0000 - 0x00007ff96047b000 	C:\WINDOWS\System32\sechost.dll
0x00007ff95fc20000 - 0x00007ff95fd4b000 	C:\WINDOWS\System32\RPCRT4.dll
0x00007ff95fd50000 - 0x00007ff95fef0000 	C:\WINDOWS\System32\USER32.dll
0x00007ff95f680000 - 0x00007ff95f6a2000 	C:\WINDOWS\System32\win32u.dll
0x00007ff95fbf0000 - 0x00007ff95fc1a000 	C:\WINDOWS\System32\GDI32.dll
0x00007ff95f570000 - 0x00007ff95f67b000 	C:\WINDOWS\System32\gdi32full.dll
0x00007ff95f730000 - 0x00007ff95f7cd000 	C:\WINDOWS\System32\msvcp_win.dll
0x00007ff95f290000 - 0x00007ff95f390000 	C:\WINDOWS\System32\ucrtbase.dll
0x00007ff9450a0000 - 0x00007ff94533a000 	C:\WINDOWS\WinSxS\amd64_microsoft.windows.common-controls_6595b64144ccf1df_6.0.19041.844_none_ca00b6081b84eb1d\COMCTL32.dll
0x00007ff960780000 - 0x00007ff9607b0000 	C:\WINDOWS\System32\IMM32.DLL
0x0000000055cd0000 - 0x0000000055da2000 	C:\Program Files\Android\Android Studio\jre\jre\bin\msvcr100.dll
0x0000000056820000 - 0x000000005706b000 	C:\Program Files\Android\Android Studio\jre\jre\bin\server\jvm.dll
0x00007ff9603d0000 - 0x00007ff9603d8000 	C:\WINDOWS\System32\PSAPI.DLL
0x00007ff95e9d0000 - 0x00007ff95e9da000 	C:\WINDOWS\SYSTEM32\VERSION.dll
0x00007ff952dc0000 - 0x00007ff952de7000 	C:\WINDOWS\SYSTEM32\WINMM.dll
0x00007ff959b80000 - 0x00007ff959b89000 	C:\WINDOWS\SYSTEM32\WSOCK32.dll
0x00007ff960940000 - 0x00007ff9609ab000 	C:\WINDOWS\System32\ws2_32.DLL
0x00007ff9563b0000 - 0x00007ff9563bf000 	C:\Program Files\Android\Android Studio\jre\jre\bin\verify.dll
0x00007ff92ef40000 - 0x00007ff92ef69000 	C:\Program Files\Android\Android Studio\jre\jre\bin\java.dll
0x00007ff955630000 - 0x00007ff955646000 	C:\Program Files\Android\Android Studio\jre\jre\bin\zip.dll
0x00007ff9609b0000 - 0x00007ff9610f2000 	C:\WINDOWS\System32\SHELL32.dll
0x00007ff95cc90000 - 0x00007ff95d420000 	C:\WINDOWS\SYSTEM32\windows.storage.dll
0x00007ff95f830000 - 0x00007ff95fb85000 	C:\WINDOWS\System32\combase.dll
0x00007ff95e840000 - 0x00007ff95e86c000 	C:\WINDOWS\SYSTEM32\Wldp.dll
0x00007ff961110000 - 0x00007ff9611be000 	C:\WINDOWS\System32\SHCORE.dll
0x00007ff95fef0000 - 0x00007ff95ff45000 	C:\WINDOWS\System32\shlwapi.dll
0x00007ff95ee50000 - 0x00007ff95ee6f000 	C:\WINDOWS\SYSTEM32\profapi.dll
0x00007ff941b60000 - 0x00007ff941b7a000 	C:\Program Files\Android\Android Studio\jre\jre\bin\net.dll
0x00007ff95e5b0000 - 0x00007ff95e61a000 	C:\WINDOWS\system32\mswsock.dll
0x00007ff93e6d0000 - 0x00007ff93e6e3000 	C:\Program Files\Android\Android Studio\jre\jre\bin\nio.dll
0x00007ff930b60000 - 0x00007ff930b87000 	C:\Users\daman\.gradle\native\f6784746aeab05261644944871eae4fe03e0ef1612fff0a4a95f87b438bc6780\windows-amd64\native-platform.dll
0x00007ff950880000 - 0x00007ff95088d000 	C:\Program Files\Android\Android Studio\jre\jre\bin\management.dll
0x00007ff95e780000 - 0x00007ff95e798000 	C:\WINDOWS\SYSTEM32\CRYPTSP.dll
0x00007ff95df50000 - 0x00007ff95df84000 	C:\WINDOWS\system32\rsaenh.dll
0x00007ff95f700000 - 0x00007ff95f727000 	C:\WINDOWS\System32\bcrypt.dll
0x00007ff95edd0000 - 0x00007ff95edfe000 	C:\WINDOWS\SYSTEM32\USERENV.dll
0x00007ff95f390000 - 0x00007ff95f410000 	C:\WINDOWS\System32\bcryptprimitives.dll
0x00007ff95e7a0000 - 0x00007ff95e7ac000 	C:\WINDOWS\SYSTEM32\CRYPTBASE.dll
0x00007ff95e2a0000 - 0x00007ff95e2db000 	C:\WINDOWS\SYSTEM32\IPHLPAPI.DLL
0x00007ff961100000 - 0x00007ff961108000 	C:\WINDOWS\System32\NSI.dll
0x00007ff9568c0000 - 0x00007ff9568d7000 	C:\WINDOWS\SYSTEM32\dhcpcsvc6.DLL
0x00007ff9569d0000 - 0x00007ff9569ed000 	C:\WINDOWS\SYSTEM32\dhcpcsvc.DLL
0x00007ff95e2e0000 - 0x00007ff95e3ac000 	C:\WINDOWS\SYSTEM32\DNSAPI.dll
0x00007ff956c50000 - 0x00007ff956c5b000 	C:\WINDOWS\SYSTEM32\WINNSI.DLL

VM Arguments:
jvm_args: -Xmx2048m -Dfile.encoding=UTF-8 -Duser.country=US -Duser.language=en -Duser.variant 
java_command: org.gradle.launcher.daemon.bootstrap.GradleDaemon 6.5
java_class_path (initial): C:\Users\daman\.gradle\wrapper\dists\gradle-6.5-bin\6nifqtx7604sqp1q6g8wikw7p\gradle-6.5\lib\gradle-launcher-6.5.jar
Launcher Type: SUN_STANDARD

Environment Variables:
JAVA_HOME=C:\Program Files\OpenJDK\openjdk-8u292-b10
PATH=C:\Program Files (x86)\Common Files\Oracle\Java\javapath;C:\Python39\Scripts\;C:\Python39\;C:\WINDOWS\system32;C:\WINDOWS;C:\WINDOWS\System32\Wbem;C:\WINDOWS\System32\WindowsPowerShell\v1.0\;C:\WINDOWS\System32\OpenSSH\;C:\Program Files\Git\cmd;C:\ProgramData\chocolatey\bin;C:\Program Files (x86)\gradle\bin;C:\Program Files\OpenJDK\openjdk-8u292-b10\bin;C:\Program Files\nodejs\;C:\Users\daman\AppData\Local\Microsoft\WindowsApps;C:\Program Files\OpenJDK\openjdk-8u292-b10\bin;C:\Users\daman\AppData\Roaming\npm;C:\Users\daman\AppData\Local\Android\Sdk\platform-tools;C:\Users\daman\AppData\Local\Programs\Microsoft VS Code\bin
USERNAME=daman
OS=Windows_NT
PROCESSOR_IDENTIFIER=AMD64 Family 23 Model 24 Stepping 1, AuthenticAMD



---------------  S Y S T E M  ---------------

OS: Windows 10.0 , 64 bit Build 19041 (10.0.19041.928)

CPU:total 8 (initial active 8) (8 cores per cpu, 1 threads per core) family 23 model 24 stepping 1, cmov, cx8, fxsr, mmx, sse, sse2, sse3, ssse3, sse4.1, sse4.2, popcnt, avx, avx2, aes, clmul, mmxext, 3dnowpref, lzcnt, sse4a, tsc, tscinvbit, tscinv, bmi1

Memory: 4k page, physical 6164744k(127628k free), swap 25039112k(7372k free)

vm_info: OpenJDK 64-Bit Server VM (25.242-b01) for windows-amd64 JRE (1.8.0_242-release-1644-b01), built by "builder" with MS VC++ 10.0 (VS2010)

time: Mon May 17 12:19:36 2021
timezone: South Africa Standard Time
elapsed time: 93 seconds (0d 0h 1m 33s)

